2025-05-21 08:09:02,890 - main - INFO - Exchange zatvoren prilikom gašenja aplikacije
2025-05-21 08:09:55,917 - main - INFO - Klijentski WebSocket povezan
2025-05-21 08:09:56,893 - main - INFO - Povezan na Binance WebSocket
2025-05-21 08:10:01,198 - main - INFO - Šaljem podatke preko WebSocket-a: {'type': 'data', 'price': 0.02396, 'support': 0, 'resistance': 0, 'support_walls': [], 'resistance_walls': [], 'trend': 'NEUTRAL', 'signals': [], 'rokada_status': <function get_rokada_status at 0x7fe95ae88f40>, 'active_trades': [], 'ws_latency': 0.1, 'debug': {'bids': [[0.023957, 3.25], [0.023958, 2.72], [0.023959, 6.23]], 'asks': [[0.02396, 9.78], [0.023961, 1.67]], 'walls': {'support': [], 'resistance': []}, 'signals': []}, 'rest_latency': 3954.02}
2025-05-21 08:10:01,198 - main - ERROR - WebSocket greška: Object of type function is not JSON serializable
2025-05-21 08:10:01,209 - main - INFO - Klijentski WebSocket zatvoren
2025-05-21 08:10:06,860 - main - INFO - Klijentski WebSocket povezan
2025-05-21 08:10:07,790 - main - INFO - Povezan na Binance WebSocket
2025-05-21 08:10:08,463 - main - INFO - Šaljem podatke preko WebSocket-a: {'type': 'data', 'price': 0.02392, 'support': 0, 'resistance': 0, 'support_walls': [], 'resistance_walls': [], 'trend': 'UP', 'signals': [], 'rokada_status': <function get_rokada_status at 0x7fe95ae88f40>, 'active_trades': [], 'ws_latency': 0.12, 'debug': {'bids': [[0.023862, 28.36], [0.023967, 3.64]], 'asks': [[0.02397, 2.75], [0.023971, 0.0], [0.023975, 0.37]], 'walls': {'support': [], 'resistance': []}, 'signals': []}, 'rest_latency': 336.23}
2025-05-21 08:10:08,464 - main - ERROR - WebSocket greška: Object of type function is not JSON serializable
2025-05-21 08:10:08,473 - main - INFO - Klijentski WebSocket zatvoren
2025-05-21 08:10:13,632 - main - INFO - Klijentski WebSocket povezan
2025-05-21 08:10:14,623 - main - INFO - Povezan na Binance WebSocket
2025-05-21 08:10:15,341 - main - INFO - Šaljem podatke preko WebSocket-a: {'type': 'data', 'price': 0.02392, 'support': 0, 'resistance': 0, 'support_walls': [], 'resistance_walls': [], 'trend': 'UP', 'signals': [], 'rokada_status': <function get_rokada_status at 0x7fe95ae88f40>, 'active_trades': [], 'ws_latency': 0.07, 'debug': {'bids': [[0.023862, 28.36], [0.023967, 3.64]], 'asks': [[0.023979, 8.61], [0.023985, 2.93], [0.023986, 3.17]], 'walls': {'support': [], 'resistance': []}, 'signals': []}, 'rest_latency': 339.79}
2025-05-21 08:10:15,341 - main - ERROR - WebSocket greška: Object of type function is not JSON serializable
2025-05-21 08:10:15,342 - main - INFO - Klijentski WebSocket zatvoren
2025-05-21 08:10:20,476 - main - INFO - Klijentski WebSocket povezan
2025-05-21 08:10:21,434 - main - INFO - Povezan na Binance WebSocket
2025-05-21 08:10:22,038 - main - INFO - Šaljem podatke preko WebSocket-a: {'type': 'data', 'price': 0.02387, 'support': 0, 'resistance': 0, 'support_walls': [], 'resistance_walls': [], 'trend': 'DOWN', 'signals': [], 'rokada_status': <function get_rokada_status at 0x7fe95ae88f40>, 'active_trades': [], 'ws_latency': 0.08, 'debug': {'bids': [[0.023753, 0.06]], 'asks': [[0.023979, 8.61], [0.023985, 2.93], [0.023986, 3.17]], 'walls': {'support': [], 'resistance': []}, 'signals': []}, 'rest_latency': 339.8}
2025-05-21 08:10:22,038 - main - ERROR - WebSocket greška: Object of type function is not JSON serializable
2025-05-21 08:10:22,040 - main - INFO - Klijentski WebSocket zatvoren
2025-05-21 08:10:27,049 - main - INFO - Klijentski WebSocket povezan
2025-05-21 08:10:27,182 - main - INFO - Received request to set rokada status to: off
2025-05-21 08:10:28,023 - main - INFO - Povezan na Binance WebSocket
2025-05-21 08:10:28,571 - main - INFO - Received request to set rokada status to: on
2025-05-21 08:10:29,113 - main - INFO - Šaljem podatke preko WebSocket-a: {'type': 'data', 'price': 0.02387, 'support': 0, 'resistance': 0, 'support_walls': [], 'resistance_walls': [], 'trend': 'DOWN', 'signals': [], 'rokada_status': <function get_rokada_status at 0x7fe95ae88f40>, 'active_trades': [], 'ws_latency': 0.1, 'debug': {'bids': [[0.023753, 0.06]], 'asks': [[0.02398, 2.82], [0.023981, 4.28]], 'walls': {'support': [], 'resistance': []}, 'signals': []}, 'rest_latency': 370.69}
2025-05-21 08:10:29,114 - main - ERROR - WebSocket greška: Object of type function is not JSON serializable
2025-05-21 08:10:29,116 - main - INFO - Klijentski WebSocket zatvoren
2025-05-21 08:10:29,782 - main - INFO - Received request to set rokada status to: off
2025-05-21 08:10:31,039 - main - INFO - Received request to set rokada status to: on
2025-05-21 08:10:32,213 - main - INFO - Received request to set rokada status to: off
2025-05-21 08:10:34,108 - main - INFO - Klijentski WebSocket povezan
2025-05-21 08:10:34,916 - main - INFO - Received request to set rokada status to: on
2025-05-21 08:10:35,085 - main - INFO - Povezan na Binance WebSocket
2025-05-21 08:10:35,635 - main - INFO - Šaljem podatke preko WebSocket-a: {'type': 'data', 'price': 0.02398, 'support': 0, 'resistance': 0, 'support_walls': [], 'resistance_walls': [], 'trend': 'DOWN', 'signals': [], 'rokada_status': <function get_rokada_status at 0x7fe95ae88f40>, 'active_trades': [], 'ws_latency': 0.08, 'debug': {'bids': [[0.023977, 0.65]], 'asks': [[0.023978, 7.27]], 'walls': {'support': [], 'resistance': []}, 'signals': []}, 'rest_latency': 337.47}
2025-05-21 08:10:35,636 - main - ERROR - WebSocket greška: Object of type function is not JSON serializable
2025-05-21 08:10:35,638 - main - INFO - Klijentski WebSocket zatvoren
2025-05-21 08:10:37,688 - main - INFO - Received request to set rokada status to: off
2025-05-21 08:10:40,625 - main - INFO - Klijentski WebSocket povezan
2025-05-21 08:10:41,637 - main - INFO - Povezan na Binance WebSocket
2025-05-21 08:10:42,066 - main - INFO - Šaljem podatke preko WebSocket-a: {'type': 'data', 'price': 0.02399, 'support': 0, 'resistance': 0, 'support_walls': [], 'resistance_walls': [], 'trend': 'UP', 'signals': [], 'rokada_status': <function get_rokada_status at 0x7fe95ae88f40>, 'active_trades': [], 'ws_latency': 0.08, 'debug': {'bids': [[0.023986, 3.33], [0.023987, 0.96], [0.023988, 9.27]], 'asks': [[0.023989, 5.87], [0.023991, 0.37], [0.023997, 3.55]], 'walls': {'support': [], 'resistance': []}, 'signals': []}, 'rest_latency': 342.32}
2025-05-21 08:10:42,066 - main - ERROR - WebSocket greška: Object of type function is not JSON serializable
2025-05-21 08:10:42,068 - main - INFO - Klijentski WebSocket zatvoren
2025-05-21 08:10:47,153 - main - INFO - Klijentski WebSocket povezan
2025-05-21 08:10:48,112 - main - INFO - Povezan na Binance WebSocket
2025-05-21 08:10:48,716 - main - INFO - Šaljem podatke preko WebSocket-a: {'type': 'data', 'price': 0.02399, 'support': 0, 'resistance': 0, 'support_walls': [], 'resistance_walls': [], 'trend': 'UP', 'signals': [], 'rokada_status': <function get_rokada_status at 0x7fe95ae88f40>, 'active_trades': [], 'ws_latency': 0.21, 'debug': {'bids': [[0.023986, 3.33], [0.023987, 0.96], [0.023988, 9.27]], 'asks': [[0.023986, 4.88]], 'walls': {'support': [], 'resistance': []}, 'signals': []}, 'rest_latency': 344.57}
2025-05-21 08:10:48,717 - main - ERROR - WebSocket greška: Object of type function is not JSON serializable
2025-05-21 08:10:48,719 - main - INFO - Klijentski WebSocket zatvoren
2025-05-21 08:10:53,739 - main - INFO - Klijentski WebSocket povezan
2025-05-21 08:10:54,725 - main - INFO - Povezan na Binance WebSocket
2025-05-21 08:10:55,775 - main - INFO - Šaljem podatke preko WebSocket-a: {'type': 'data', 'price': 0.02398, 'support': 0, 'resistance': 0, 'support_walls': [], 'resistance_walls': [], 'trend': 'UP', 'signals': [], 'rokada_status': <function get_rokada_status at 0x7fe95ae88f40>, 'active_trades': [], 'ws_latency': 0.07, 'debug': {'bids': [[0.023984, 0.62], [0.023985, 11.02]], 'asks': [[0.023986, 4.88]], 'walls': {'support': [], 'resistance': []}, 'signals': []}, 'rest_latency': 341.72}
2025-05-21 08:10:55,775 - main - ERROR - WebSocket greška: Object of type function is not JSON serializable
2025-05-21 08:10:55,777 - main - INFO - Klijentski WebSocket zatvoren
2025-05-21 08:11:01,453 - main - INFO - Exchange zatvoren prilikom gašenja aplikacije
