INFO:     Started server process [1]
2025-05-21T01:56:33.984137455Z INFO:     Waiting for application startup.
2025-05-21T01:56:33.984338145Z INFO:     Application startup complete.
2025-05-21T01:56:33.985151746Z INFO:     Uvicorn running on http://0.0.0.0:8888 (Press CTRL+C to quit)
2025-05-21T01:56:36.729635928Z INFO:     ('172.19.0.3', 46510) - "WebSocket /ws" [accepted]
2025-05-21T01:56:36.730577560Z 2025-05-21 01:56:36,729 - main - INFO - Klijentski WebSocket povezan
2025-05-21T01:56:36.734281885Z INFO:     connection open
2025-05-21T01:56:37.677885167Z 2025-05-21 01:56:37,677 - main - INFO - Povezan na Binance WebSocket
2025-05-21T01:56:37.779351241Z 2025-05-21 01:56:37,778 - main - WARNING - Prazni bids ili asks u WebSocket poruci: {'e': 'depthUpdate', 'E': 1747792597740, 'T': 1747792597639, 's': 'ETHBTC', 'U': 7583263517899, 'u': 7583263517899, 'pu': 7583263468376, 'b': [['0.023806', '8.84']], 'a': []}
2025-05-21T01:56:42.433309224Z 2025-05-21 01:56:42,432 - main - INFO - Dohvaćen balans: ETH=0.0, BTC=0.00248208, USDT=0.0
2025-05-21T01:56:42.797378125Z 2025-05-21 01:56:42,787 - main - INFO - Šaljem podatke preko WebSocket-a: {'type': 'data', 'price': 0.02376, 'support': 0, 'resistance': 0, 'support_walls': [], 'resistance_walls': [], 'trend': 'UP', 'signals': [], 'balance': 0.0, 'balance_currency': 'ETH', 'extra_balances': {'BTC': 0.00248208, 'USDT': 0.0}, 'rokada_status': 'off', 'active_trades': [], 'ws_latency': 4502.0, 'rest_latency': 354.32}
2025-05-21T01:56:43.420693817Z 2025-05-21 01:56:43,420 - main - INFO - Dohvaćen balans: ETH=0.0, BTC=0.00248208, USDT=0.0
2025-05-21T01:56:43.764988356Z 2025-05-21 01:56:43,764 - main - INFO - Šaljem podatke preko WebSocket-a: {'type': 'data', 'price': 0.02376, 'support': 0, 'resistance': 0, 'support_walls': [], 'resistance_walls': [], 'trend': 'UP', 'signals': [], 'balance': 0.0, 'balance_currency': 'ETH', 'extra_balances': {'BTC': 0.00248208, 'USDT': 0.0}, 'rokada_status': 'off', 'active_trades': [], 'ws_latency': 627.27, 'rest_latency': 343.85}
2025-05-21T01:56:44.165157414Z 2025-05-21 01:56:44,164 - main - INFO - Dohvaćen balans: ETH=0.0, BTC=0.00248208, USDT=0.0
2025-05-21T01:56:44.508970045Z 2025-05-21 01:56:44,508 - main - INFO - Šaljem podatke preko WebSocket-a: {'type': 'data', 'price': 0.0238, 'support': 0, 'resistance': 0, 'support_walls': [], 'resistance_walls': [], 'trend': 'NEUTRAL', 'signals': [], 'balance': 0.0, 'balance_currency': 'ETH', 'extra_balances': {'BTC': 0.00248208, 'USDT': 0.0}, 'rokada_status': 'off', 'active_trades': [], 'ws_latency': 400.04, 'rest_latency': 343.4}
2025-05-21T01:56:44.904790333Z 2025-05-21 01:56:44,904 - main - INFO - Dohvaćen balans: ETH=0.0, BTC=0.00248208, USDT=0.0
2025-05-21T01:56:45.250714862Z 2025-05-21 01:56:45,250 - main - INFO - Šaljem podatke preko WebSocket-a: {'type': 'data', 'price': 0.0238, 'support': 0, 'resistance': 0, 'support_walls': [], 'resistance_walls': [], 'trend': 'DOWN', 'signals': [], 'balance': 0.0, 'balance_currency': 'ETH', 'extra_balances': {'BTC': 0.00248208, 'USDT': 0.0}, 'rokada_status': 'off', 'active_trades': [], 'ws_latency': 395.68, 'rest_latency': 345.58}
2025-05-21T01:56:45.653580529Z 2025-05-21 01:56:45,653 - main - INFO - Dohvaćen balans: ETH=0.0, BTC=0.00248208, USDT=0.0
2025-05-21T01:56:46.001555001Z 2025-05-21 01:56:46,001 - main - INFO - Šaljem podatke preko WebSocket-a: {'type': 'data', 'price': 0.0238, 'support': 0, 'resistance': 0, 'support_walls': [], 'resistance_walls': [], 'trend': 'UP', 'signals': [], 'balance': 0.0, 'balance_currency': 'ETH', 'extra_balances': {'BTC': 0.00248208, 'USDT': 0.0}, 'rokada_status': 'off', 'active_trades': [], 'ws_latency': 402.72, 'rest_latency': 347.59}
2025-05-21T01:56:46.401214114Z 2025-05-21 01:56:46,400 - main - INFO - Dohvaćen balans: ETH=0.0, BTC=0.00248208, USDT=0.0
2025-05-21T01:56:46.748426756Z 2025-05-21 01:56:46,748 - main - INFO - Šaljem podatke preko WebSocket-a: {'type': 'data', 'price': 0.02381, 'support': 0, 'resistance': 0, 'support_walls': [], 'resistance_walls': [], 'trend': 'UP', 'signals': [], 'balance': 0.0, 'balance_currency': 'ETH', 'extra_balances': {'BTC': 0.00248208, 'USDT': 0.0}, 'rokada_status': 'off', 'active_trades': [], 'ws_latency': 399.52, 'rest_latency': 346.81}
2025-05-21T01:56:47.147540097Z 2025-05-21 01:56:47,147 - main - INFO - Dohvaćen balans: ETH=0.0, BTC=0.00248208, USDT=0.0
2025-05-21T01:56:47.490102210Z 2025-05-21 01:56:47,489 - main - INFO - Šaljem podatke preko WebSocket-a: {'type': 'data', 'price': 0.02376, 'support': 0, 'resistance': 0, 'support_walls': [], 'resistance_walls': [], 'trend': 'UP', 'signals': [], 'balance': 0.0, 'balance_currency': 'ETH', 'extra_balances': {'BTC': 0.00248208, 'USDT': 0.0}, 'rokada_status': 'off', 'active_trades': [], 'ws_latency': 398.96, 'rest_latency': 341.88}
2025-05-21T01:56:47.883965473Z 2025-05-21 01:56:47,883 - main - INFO - Dohvaćen balans: ETH=0.0, BTC=0.00248208, USDT=0.0
2025-05-21T01:56:48.225558562Z 2025-05-21 01:56:48,225 - main - INFO - Šaljem podatke preko WebSocket-a: {'type': 'data', 'price': 0.02381, 'support': 0, 'resistance': 0, 'support_walls': [], 'resistance_walls': [], 'trend': 'DOWN', 'signals': [], 'balance': 0.0, 'balance_currency': 'ETH', 'extra_balances': {'BTC': 0.00248208, 'USDT': 0.0}, 'rokada_status': 'off', 'active_trades': [], 'ws_latency': 393.9, 'rest_latency': 341.18}
2025-05-21T01:56:48.619373635Z 2025-05-21 01:56:48,619 - main - INFO - Dohvaćen balans: ETH=0.0, BTC=0.00248208, USDT=0.0
2025-05-21T01:56:48.962179854Z 2025-05-21 01:56:48,961 - main - INFO - Šaljem podatke preko WebSocket-a: {'type': 'data', 'price': 0.02377, 'support': 0, 'resistance': 0, 'support_walls': [], 'resistance_walls': [], 'trend': 'UP', 'signals': [], 'balance': 0.0, 'balance_currency': 'ETH', 'extra_balances': {'BTC': 0.00248208, 'USDT': 0.0}, 'rokada_status': 'off', 'active_trades': [], 'ws_latency': 393.65, 'rest_latency': 342.39}
2025-05-21T01:56:48.962505614Z 2025-05-21 01:56:48,962 - main - WARNING - Prazni bids ili asks u WebSocket poruci: {'e': 'depthUpdate', 'E': 1747792599718, 'T': 1747792599671, 's': 'ETHBTC', 'U': 7583263661209, 'u': 7583263663921, 'pu': 7583263640472, 'b': [], 'a': [['0.023811', '2.34'], ['0.023812', '3.07']]}
2025-05-21T01:56:49.362128947Z 2025-05-21 01:56:49,361 - main - INFO - Dohvaćen balans: ETH=0.0, BTC=0.00248208, USDT=0.0
2025-05-21T01:56:49.706767213Z 2025-05-21 01:56:49,706 - main - INFO - Šaljem podatke preko WebSocket-a: {'type': 'data', 'price': 0.02381, 'support': 0, 'resistance': 0, 'support_walls': [], 'resistance_walls': [], 'trend': 'UP', 'signals': [], 'balance': 0.0, 'balance_currency': 'ETH', 'extra_balances': {'BTC': 0.00248208, 'USDT': 0.0}, 'rokada_status': 'off', 'active_trades': [], 'ws_latency': 399.57, 'rest_latency': 344.23}
2025-05-21T01:56:50.119641503Z 2025-05-21 01:56:50,116 - main - INFO - Dohvaćen balans: ETH=0.0, BTC=0.00248208, USDT=0.0
2025-05-21T01:56:50.475938055Z 2025-05-21 01:56:50,473 - main - INFO - Šaljem podatke preko WebSocket-a: {'type': 'data', 'price': 0.02381, 'support': 0, 'resistance': 0, 'support_walls': [], 'resistance_walls': [], 'trend': 'UP', 'signals': [], 'balance': 0.0, 'balance_currency': 'ETH', 'extra_balances': {'BTC': 0.00248208, 'USDT': 0.0}, 'rokada_status': 'off', 'active_trades': [], 'ws_latency': 411.87, 'rest_latency': 354.85}
2025-05-21T01:56:50.876118275Z 2025-05-21 01:56:50,875 - main - INFO - Dohvaćen balans: ETH=0.0, BTC=0.00248208, USDT=0.0
2025-05-21T01:56:51.229573802Z 2025-05-21 01:56:51,229 - main - INFO - Šaljem podatke preko WebSocket-a: {'type': 'data', 'price': 0.02381, 'support': 0, 'resistance': 0, 'support_walls': [], 'resistance_walls': [], 'trend': 'UP', 'signals': [], 'balance': 0.0, 'balance_currency': 'ETH', 'extra_balances': {'BTC': 0.00248208, 'USDT': 0.0}, 'rokada_status': 'off', 'active_trades': [], 'ws_latency': 399.39, 'rest_latency': 353.1}
2025-05-21T01:56:51.629379905Z 2025-05-21 01:56:51,624 - main - INFO - Dohvaćen balans: ETH=0.0, BTC=0.00248208, USDT=0.0
2025-05-21T01:56:51.970933416Z 2025-05-21 01:56:51,970 - main - INFO - Šaljem podatke preko WebSocket-a: {'type': 'data', 'price': 0.0238, 'support': 0, 'resistance': 0, 'support_walls': [], 'resistance_walls': [], 'trend': 'UP', 'signals': [], 'balance': 0.0, 'balance_currency': 'ETH', 'extra_balances': {'BTC': 0.00248208, 'USDT': 0.0}, 'rokada_status': 'off', 'active_trades': [], 'ws_latency': 394.95, 'rest_latency': 345.83}
2025-05-21T01:56:52.369531115Z 2025-05-21 01:56:52,369 - main - INFO - Dohvaćen balans: ETH=0.0, BTC=0.00248208, USDT=0.0
2025-05-21T01:56:52.710544879Z 2025-05-21 01:56:52,710 - main - INFO - Šaljem podatke preko WebSocket-a: {'type': 'data', 'price': 0.02381, 'support': 0, 'resistance': 0, 'support_walls': [], 'resistance_walls': [], 'trend': 'UP', 'signals': [], 'balance': 0.0, 'balance_currency': 'ETH', 'extra_balances': {'BTC': 0.00248208, 'USDT': 0.0}, 'rokada_status': 'off', 'active_trades': [], 'ws_latency': 398.42, 'rest_latency': 340.69}
2025-05-21T01:56:53.115799393Z 2025-05-21 01:56:53,115 - main - INFO - Dohvaćen balans: ETH=0.0, BTC=0.00248208, USDT=0.0
2025-05-21T01:56:53.460369666Z 2025-05-21 01:56:53,459 - main - INFO - Šaljem podatke preko WebSocket-a: {'type': 'data', 'price': 0.02381, 'support': 0, 'resistance': 0, 'support_walls': [], 'resistance_walls': [], 'trend': 'UP', 'signals': [], 'balance': 0.0, 'balance_currency': 'ETH', 'extra_balances': {'BTC': 0.00248208, 'USDT': 0.0}, 'rokada_status': 'off', 'active_trades': [], 'ws_latency': 405.13, 'rest_latency': 344.05}
2025-05-21T01:56:53.460937874Z 2025-05-21 01:56:53,460 - main - WARNING - Prazni bids ili asks u WebSocket poruci: {'e': 'depthUpdate', 'E': 1747792601016, 'T': 1747792600916, 's': 'ETHBTC', 'U': 7583263789087, 'u': 7583263789181, 'pu': 7583263787351, 'b': [['0.023808', '4.81']], 'a': []}
2025-05-21T01:56:53.863743122Z 2025-05-21 01:56:53,863 - main - INFO - Dohvaćen balans: ETH=0.0, BTC=0.00248208, USDT=0.0
2025-05-21T01:56:54.209135659Z 2025-05-21 01:56:54,208 - main - INFO - Šaljem podatke preko WebSocket-a: {'type': 'data', 'price': 0.02381, 'support': 0, 'resistance': 0, 'support_walls': [], 'resistance_walls': [], 'trend': 'DOWN', 'signals': [], 'balance': 0.0, 'balance_currency': 'ETH', 'extra_balances': {'BTC': 0.00248208, 'USDT': 0.0}, 'rokada_status': 'off', 'active_trades': [], 'ws_latency': 402.86, 'rest_latency': 345.05}
2025-05-21T01:56:54.209571976Z 2025-05-21 01:56:54,209 - main - WARNING - Prazni bids ili asks u WebSocket poruci: {'e': 'depthUpdate', 'E': 1747792601261, 'T': 1747792601176, 's': 'ETHBTC', 'U': 7583263816216, 'u': 7583263817351, 'pu': 7583263807881, 'b': [], 'a': [['0.023809', '1.04'], ['0.023810', '0.30']]}
2025-05-21T01:56:54.210018249Z 2025-05-21 01:56:54,209 - main - WARNING - Prazni bids ili asks u WebSocket poruci: {'e': 'depthUpdate', 'E': 1747792601452, 'T': 1747792601351, 's': 'ETHBTC', 'U': 7583263828537, 'u': 7583263828549, 'pu': 7583263817351, 'b': [['0.023787', '0.57'], ['0.023797', '2.53']], 'a': []}
2025-05-21T01:56:54.607228947Z 2025-05-21 01:56:54,606 - main - INFO - Dohvaćen balans: ETH=0.0, BTC=0.00248208, USDT=0.0
2025-05-21T01:56:54.953154643Z 2025-05-21 01:56:54,952 - main - INFO - Šaljem podatke preko 